E:\OPENCL\VEC_ADD\VEC_ADD\DEBUG\MAIN.OBJ
E:\OPENCL\VEC_ADD\VEC_ADD\DEBUG\VC110.PDB
E:\OPENCL\VEC_ADD\DEBUG\VEC_ADD.ILK
E:\OPENCL\VEC_ADD\DEBUG\VEC_ADD.EXE
E:\OPENCL\VEC_ADD\DEBUG\VEC_ADD.PDB
E:\OpenCL\vec_add\vec_add\Debug\main.obj
E:\OpenCL\vec_add\vec_add\Debug\cl.command.1.tlog
E:\OpenCL\vec_add\vec_add\Debug\CL.read.1.tlog
E:\OpenCL\vec_add\vec_add\Debug\CL.write.1.tlog
E:\OpenCL\vec_add\vec_add\Debug\link-cvtres.read.1.tlog
E:\OpenCL\vec_add\vec_add\Debug\link-cvtres.write.1.tlog
E:\OpenCL\vec_add\vec_add\Debug\link-rc.read.1.tlog
E:\OpenCL\vec_add\vec_add\Debug\link-rc.write.1.tlog
E:\OpenCL\vec_add\vec_add\Debug\link.command.1.tlog
E:\OpenCL\vec_add\vec_add\Debug\link.read.1.tlog
E:\OpenCL\vec_add\vec_add\Debug\link.write.1.tlog
E:\OpenCL\vec_add\vec_add\Debug\vc110.idb
E:\OpenCL\vec_add\vec_add\Debug\vc110.pdb
E:\OpenCL\vec_add\Debug\vec_add.pdb
E:\OpenCL\vec_add\Debug\vec_add.exe
E:\OpenCL\vec_add\Debug\vec_add.ilk
