E:\OPENCL\SIMPLE_MULTIPLY\SIMPLE_MULTIPLY\DEBUG\MAIN.OBJ
E:\OPENCL\SIMPLE_MULTIPLY\SIMPLE_MULTIPLY\DEBUG\VC110.PDB
E:\OPENCL\SIMPLE_MULTIPLY\DEBUG\SIMPLE_MULTIPLY.ILK
E:\OPENCL\SIMPLE_MULTIPLY\DEBUG\SIMPLE_MULTIPLY.EXE
E:\OPENCL\SIMPLE_MULTIPLY\DEBUG\SIMPLE_MULTIPLY.PDB
E:\OpenCL\simple_multiply\simple_multiply\Debug\main.obj
E:\OpenCL\simple_multiply\simple_multiply\Debug\cl.command.1.tlog
E:\OpenCL\simple_multiply\simple_multiply\Debug\CL.read.1.tlog
E:\OpenCL\simple_multiply\simple_multiply\Debug\CL.write.1.tlog
E:\OpenCL\simple_multiply\simple_multiply\Debug\link-cvtres.read.1.tlog
E:\OpenCL\simple_multiply\simple_multiply\Debug\link-cvtres.write.1.tlog
E:\OpenCL\simple_multiply\simple_multiply\Debug\link-rc.read.1.tlog
E:\OpenCL\simple_multiply\simple_multiply\Debug\link-rc.write.1.tlog
E:\OpenCL\simple_multiply\simple_multiply\Debug\link.command.1.tlog
E:\OpenCL\simple_multiply\simple_multiply\Debug\link.read.1.tlog
E:\OpenCL\simple_multiply\simple_multiply\Debug\link.write.1.tlog
E:\OpenCL\simple_multiply\simple_multiply\Debug\vc110.idb
E:\OpenCL\simple_multiply\simple_multiply\Debug\vc110.pdb
E:\OpenCL\simple_multiply\Debug\simple_multiply.pdb
E:\OpenCL\simple_multiply\Debug\simple_multiply.exe
E:\OpenCL\simple_multiply\Debug\simple_multiply.ilk
