E:\OPENCL\VECADD_C_PLUS_PLUS\VECADD_C_PLUS_PLUS\DEBUG\MAIN.OBJ
E:\OPENCL\VECADD_C_PLUS_PLUS\VECADD_C_PLUS_PLUS\DEBUG\VC110.PDB
E:\OPENCL\VECADD_C_PLUS_PLUS\DEBUG\VECADD_C_PLUS_PLUS.ILK
E:\OPENCL\VECADD_C_PLUS_PLUS\DEBUG\VECADD_C_PLUS_PLUS.EXE
E:\OPENCL\VECADD_C_PLUS_PLUS\DEBUG\VECADD_C_PLUS_PLUS.PDB
E:\OpenCL\vecadd_c_plus_plus\vecadd_c_plus_plus\Debug\main.obj
E:\OpenCL\vecadd_c_plus_plus\vecadd_c_plus_plus\Debug\cl.command.1.tlog
E:\OpenCL\vecadd_c_plus_plus\vecadd_c_plus_plus\Debug\CL.read.1.tlog
E:\OpenCL\vecadd_c_plus_plus\vecadd_c_plus_plus\Debug\CL.write.1.tlog
E:\OpenCL\vecadd_c_plus_plus\vecadd_c_plus_plus\Debug\link-cvtres.read.1.tlog
E:\OpenCL\vecadd_c_plus_plus\vecadd_c_plus_plus\Debug\link-cvtres.write.1.tlog
E:\OpenCL\vecadd_c_plus_plus\vecadd_c_plus_plus\Debug\link-rc.read.1.tlog
E:\OpenCL\vecadd_c_plus_plus\vecadd_c_plus_plus\Debug\link-rc.write.1.tlog
E:\OpenCL\vecadd_c_plus_plus\vecadd_c_plus_plus\Debug\link.24224-cvtres.read.1.tlog
E:\OpenCL\vecadd_c_plus_plus\vecadd_c_plus_plus\Debug\link.24224-cvtres.write.1.tlog
E:\OpenCL\vecadd_c_plus_plus\vecadd_c_plus_plus\Debug\link.24224-rc.read.1.tlog
E:\OpenCL\vecadd_c_plus_plus\vecadd_c_plus_plus\Debug\link.24224-rc.write.1.tlog
E:\OpenCL\vecadd_c_plus_plus\vecadd_c_plus_plus\Debug\link.24224.read.1.tlog
E:\OpenCL\vecadd_c_plus_plus\vecadd_c_plus_plus\Debug\link.24224.write.1.tlog
E:\OpenCL\vecadd_c_plus_plus\vecadd_c_plus_plus\Debug\link.command.1.tlog
E:\OpenCL\vecadd_c_plus_plus\vecadd_c_plus_plus\Debug\link.read.1.tlog
E:\OpenCL\vecadd_c_plus_plus\vecadd_c_plus_plus\Debug\link.write.1.tlog
E:\OpenCL\vecadd_c_plus_plus\vecadd_c_plus_plus\Debug\vc110.idb
E:\OpenCL\vecadd_c_plus_plus\vecadd_c_plus_plus\Debug\vc110.pdb
E:\OpenCL\vecadd_c_plus_plus\Debug\vecadd_c_plus_plus.pdb
E:\OpenCL\vecadd_c_plus_plus\Debug\vecadd_c_plus_plus.exe
E:\OpenCL\vecadd_c_plus_plus\Debug\vecadd_c_plus_plus.ilk
